* Radex version        : version
* Geometry             : Uniform sphere
* Molecular data file  : hco+.dat                                                                        
* T(kin)            [K]:   30.000
* Density of H2  [cm-3]:  1.000E+05
* T(background)     [K]:    2.730
* Column density [cm-2]:  1.000E+15
* Line width     [km/s]:    1.000
* Method to calculate the rate populations : 
  The escape Probability :    1
  The initial matrix     :    3
  The relative error-eps :  1.000E-06
  The stab. factor       :    0.300
* Calculation finished in    12 iterations with relative tolerance of    1.0E-06
      LINE         E_UP       FREQ        WAVEL     T_EX  TAU        T_R       POP        POP      FLUX        FLUX
                   (K)        (GHz)       (um)      (K)     (K)        UP        LOW     (K*km/s) (erg/cm2/s)
1      -- 0          4.3     89.1884   3361.3393   29.048  1.988E+01  2.583E+01  2.075E-01  8.014E-02  2.750E+01  2.513E-07
2      -- 1         12.8    178.3748   1680.6883   28.658  6.466E+01  2.420E+01  2.565E-01  2.075E-01  2.576E+01  1.883E-06
3      -- 2         25.7    267.5573   1120.4795   27.837  1.030E+02  2.179E+01  2.264E-01  2.565E-01  2.320E+01  5.722E-06
4      -- 3         42.8    356.7338    840.3814   25.286  1.152E+02  1.765E+01  1.479E-01  2.264E-01  1.879E+01  1.099E-05
5      -- 4         64.2    445.9024    672.3275   21.096  9.481E+01  1.217E+01  6.555E-02  1.479E-01  1.295E+01  1.479E-05
6      -- 5         89.9    535.0612    560.2957   15.597  5.226E+01  6.129E+00  1.493E-02  6.555E-02  6.525E+00  1.287E-05
7      -- 6        119.8    624.2080    480.2765   10.820  1.364E+01  2.005E+00  1.085E-03  1.493E-02  2.134E+00  6.685E-06
8      -- 7        154.1    713.3411    420.2652    9.487  1.016E+00  6.079E-01  3.476E-05  1.085E-03  6.471E-01  3.025E-06
9      -- 8        192.6    802.4583    373.5926   16.655  2.865E-02  1.196E-01  4.098E-06  3.476E-05  1.273E-01  8.470E-07
10     -- 9        235.4    891.5577    336.2569   20.567  3.062E-03  1.867E-02  6.170E-07  4.098E-06  1.987E-02  1.814E-07
11     -- 10       282.4    980.6373    305.7119   21.210  4.285E-04  2.460E-03  8.540E-08  6.170E-07  2.618E-03  3.180E-08
* Radex version        : version
* Geometry             : Uniform sphere
* Molecular data file  : hco+.dat                                                                        
* T(kin)            [K]:   30.000
* Density of H2  [cm-3]:  1.000E+05
* T(background)     [K]:    8.500
* Column density [cm-2]:  1.000E+15
* Line width     [km/s]:    1.000
* Method to calculate the rate populations : 
  The escape Probability :    1
  The initial matrix     :    3
  The relative error-eps :  1.000E-06
  The stab. factor       :    0.300
* Calculation finished in    12 iterations with relative tolerance of    1.0E-06
      LINE         E_UP       FREQ        WAVEL     T_EX  TAU        T_R       POP        POP      FLUX        FLUX
                   (K)        (GHz)       (um)      (K)     (K)        UP        LOW     (K*km/s) (erg/cm2/s)
1      -- 0          4.3     89.1884   3361.3393   29.513  1.922E+01  2.089E+01  2.041E-01  7.864E-02  2.223E+01  2.031E-07
2      -- 1         12.8    178.3748   1680.6883   29.125  6.273E+01  2.013E+01  2.535E-01  2.041E-01  2.143E+01  1.566E-06
3      -- 2         25.7    267.5573   1120.4795   28.310  1.004E+02  1.874E+01  2.255E-01  2.535E-01  1.994E+01  4.920E-06
4      -- 3         42.8    356.7338    840.3814   25.907  1.128E+02  1.565E+01  1.497E-01  2.255E-01  1.666E+01  9.738E-06
5      -- 4         64.2    445.9024    672.3275   21.958  9.375E+01  1.109E+01  6.905E-02  1.497E-01  1.181E+01  1.348E-05
6      -- 5         89.9    535.0612    560.2957   16.788  5.342E+01  5.784E+00  1.768E-02  6.905E-02  6.158E+00  1.215E-05
7      -- 6        119.8    624.2080    480.2765   12.335  1.571E+01  1.987E+00  1.801E-03  1.768E-02  2.115E+00  6.624E-06
8      -- 7        154.1    713.3411    420.2652   10.467  1.670E+00  5.929E-01  7.894E-05  1.801E-03  6.312E-01  2.951E-06
9      -- 8        192.6    802.4583    373.5926   13.317  7.004E-02  1.246E-01  5.226E-06  7.894E-05  1.327E-01  8.829E-07
10     -- 9        235.4    891.5577    336.2569   19.111  4.083E-03  1.965E-02  6.753E-07  5.226E-06  2.092E-02  1.909E-07
11     -- 10       282.4    980.6373    305.7119   20.996  4.789E-04  2.591E-03  9.081E-08  6.753E-07  2.758E-03  3.350E-08
* Radex version        : version
* Geometry             : Uniform sphere
* Molecular data file  : hco+.dat                                                                        
* T(kin)            [K]:   30.000
* Density of H2  [cm-3]:  1.000E+05
* T(background)     [K]:   15.000
* Column density [cm-2]:  1.000E+15
* Line width     [km/s]:    1.000
* Method to calculate the rate populations : 
  The escape Probability :    1
  The initial matrix     :    3
  The relative error-eps :  1.000E-06
  The stab. factor       :    0.300
* Calculation finished in    12 iterations with relative tolerance of    1.0E-06
      LINE         E_UP       FREQ        WAVEL     T_EX  TAU        T_R       POP        POP      FLUX        FLUX
                   (K)        (GHz)       (um)      (K)     (K)        UP        LOW     (K*km/s) (erg/cm2/s)
1      -- 0          4.3     89.1884   3361.3393   29.719  1.850E+01  1.467E+01  1.979E-01  7.618E-02  1.561E+01  1.427E-07
2      -- 1         12.8    178.3748   1680.6883   29.435  6.027E+01  1.424E+01  2.466E-01  1.979E-01  1.516E+01  1.108E-06
3      -- 2         25.7    267.5573   1120.4795   28.829  9.630E+01  1.340E+01  2.211E-01  2.466E-01  1.426E+01  3.518E-06
4      -- 3         42.8    356.7338    840.3814   27.033  1.073E+02  1.134E+01  1.509E-01  2.211E-01  1.207E+01  7.056E-06
5      -- 4         64.2    445.9024    672.3275   24.110  8.930E+01  8.211E+00  7.593E-02  1.509E-01  8.740E+00  9.979E-06
6      -- 5         89.9    535.0612    560.2957   20.373  5.372E+01  4.506E+00  2.545E-02  7.593E-02  4.796E+00  9.462E-06
7      -- 6        119.8    624.2080    480.2765   17.299  2.041E+01  1.737E+00  5.198E-03  2.545E-02  1.849E+00  5.793E-06
8      -- 7        154.1    713.3411    420.2652   15.787  4.443E+00  5.234E-01  6.747E-04  5.198E-03  5.571E-01  2.604E-06
9      -- 8        192.6    802.4583    373.5926   15.493  5.916E-01  1.328E-01  6.309E-05  6.747E-04  1.413E-01  9.405E-07
10     -- 9        235.4    891.5577    336.2569   15.790  5.573E-02  2.334E-02  4.720E-06  6.309E-05  2.484E-02  2.267E-07
11     -- 10       282.4    980.6373    305.7119   16.540  4.117E-03  3.158E-03  3.184E-07  4.720E-06  3.362E-03  4.083E-08
* Radex version        : version
* Geometry             : Uniform sphere
* Molecular data file  : hco+.dat                                                                        
* T(kin)            [K]:   30.000
* Density of H2  [cm-3]:  1.000E+05
* T(background)     [K]:    2.730
* Column density [cm-2]:  1.000E+15
* Line width     [km/s]:    1.000
* Method to calculate the rate populations : 
  The escape Probability :    1
  The initial matrix     :    1
  The relative error-eps :  1.000E-06
  The stab. factor       :    0.300
* Calculation finished in    42 iterations with relative tolerance of    1.0E-06
      LINE         E_UP       FREQ        WAVEL     T_EX  TAU        T_R       POP        POP      FLUX        FLUX
                   (K)        (GHz)       (um)      (K)     (K)        UP        LOW     (K*km/s) (erg/cm2/s)
1      -- 0          4.3     89.1884   3361.3393   29.048  1.988E+01  2.583E+01  2.075E-01  8.014E-02  2.750E+01  2.513E-07
2      -- 1         12.8    178.3748   1680.6883   28.658  6.466E+01  2.420E+01  2.565E-01  2.075E-01  2.576E+01  1.883E-06
3      -- 2         25.7    267.5573   1120.4795   27.837  1.030E+02  2.179E+01  2.264E-01  2.565E-01  2.320E+01  5.722E-06
4      -- 3         42.8    356.7338    840.3814   25.286  1.152E+02  1.765E+01  1.479E-01  2.264E-01  1.879E+01  1.099E-05
5      -- 4         64.2    445.9024    672.3275   21.096  9.481E+01  1.217E+01  6.555E-02  1.479E-01  1.295E+01  1.479E-05
6      -- 5         89.9    535.0612    560.2957   15.598  5.225E+01  6.130E+00  1.493E-02  6.555E-02  6.525E+00  1.287E-05
7      -- 6        119.8    624.2080    480.2765   10.820  1.364E+01  2.005E+00  1.081E-03  1.493E-02  2.135E+00  6.686E-06
8      -- 7        154.1    713.3411    420.2652    9.483  1.016E+00  6.071E-01  3.315E-05  1.081E-03  6.463E-01  3.021E-06
9      -- 8        192.6    802.4583    373.5926   16.658  2.862E-02  1.195E-01  3.670E-06  3.315E-05  1.272E-01  8.465E-07
10     -- 9        235.4    891.5577    336.2569   20.572  3.060E-03  1.867E-02  5.069E-07  3.670E-06  1.987E-02  1.814E-07
11     -- 10       282.4    980.6373    305.7119   21.211  4.284E-04  2.459E-03  6.037E-08  5.069E-07  2.618E-03  3.180E-08
* Radex version        : version
* Geometry             : Uniform sphere
* Molecular data file  : hco+.dat                                                                        
* T(kin)            [K]:   30.000
* Density of H2  [cm-3]:  1.000E+05
* T(background)     [K]:    8.500
* Column density [cm-2]:  1.000E+15
* Line width     [km/s]:    1.000
* Method to calculate the rate populations : 
  The escape Probability :    1
  The initial matrix     :    1
  The relative error-eps :  1.000E-06
  The stab. factor       :    0.300
* Calculation finished in    38 iterations with relative tolerance of    1.0E-06
      LINE         E_UP       FREQ        WAVEL     T_EX  TAU        T_R       POP        POP      FLUX        FLUX
                   (K)        (GHz)       (um)      (K)     (K)        UP        LOW     (K*km/s) (erg/cm2/s)
1      -- 0          4.3     89.1884   3361.3393   29.513  1.922E+01  2.089E+01  2.041E-01  7.864E-02  2.223E+01  2.031E-07
2      -- 1         12.8    178.3748   1680.6883   29.125  6.273E+01  2.013E+01  2.535E-01  2.041E-01  2.143E+01  1.566E-06
3      -- 2         25.7    267.5573   1120.4795   28.310  1.004E+02  1.874E+01  2.255E-01  2.535E-01  1.994E+01  4.920E-06
4      -- 3         42.8    356.7338    840.3814   25.907  1.128E+02  1.565E+01  1.497E-01  2.255E-01  1.666E+01  9.738E-06
5      -- 4         64.2    445.9024    672.3275   21.959  9.375E+01  1.109E+01  6.905E-02  1.497E-01  1.181E+01  1.348E-05
6      -- 5         89.9    535.0612    560.2957   16.788  5.342E+01  5.785E+00  1.768E-02  6.905E-02  6.158E+00  1.215E-05
7      -- 6        119.8    624.2080    480.2765   12.335  1.571E+01  1.987E+00  1.798E-03  1.768E-02  2.115E+00  6.625E-06
8      -- 7        154.1    713.3411    420.2652   10.465  1.671E+00  5.923E-01  7.734E-05  1.798E-03  6.305E-01  2.947E-06
9      -- 8        192.6    802.4583    373.5926   13.316  7.002E-02  1.246E-01  4.794E-06  7.734E-05  1.326E-01  8.823E-07
10     -- 9        235.4    891.5577    336.2569   19.115  4.081E-03  1.965E-02  5.649E-07  4.794E-06  2.092E-02  1.909E-07
11     -- 10       282.4    980.6373    305.7119   20.998  4.788E-04  2.591E-03  6.578E-08  5.649E-07  2.758E-03  3.350E-08
* Radex version        : version
* Geometry             : Uniform sphere
* Molecular data file  : hco+.dat                                                                        
* T(kin)            [K]:   30.000
* Density of H2  [cm-3]:  1.000E+05
* T(background)     [K]:   15.000
* Column density [cm-2]:  1.000E+15
* Line width     [km/s]:    1.000
* Method to calculate the rate populations : 
  The escape Probability :    1
  The initial matrix     :    1
  The relative error-eps :  1.000E-06
  The stab. factor       :    0.300
* Calculation finished in    32 iterations with relative tolerance of    1.0E-06
      LINE         E_UP       FREQ        WAVEL     T_EX  TAU        T_R       POP        POP      FLUX        FLUX
                   (K)        (GHz)       (um)      (K)     (K)        UP        LOW     (K*km/s) (erg/cm2/s)
1      -- 0          4.3     89.1884   3361.3393   29.719  1.850E+01  1.467E+01  1.979E-01  7.618E-02  1.561E+01  1.427E-07
2      -- 1         12.8    178.3748   1680.6883   29.435  6.027E+01  1.424E+01  2.466E-01  1.979E-01  1.516E+01  1.108E-06
3      -- 2         25.7    267.5573   1120.4795   28.829  9.630E+01  1.340E+01  2.211E-01  2.466E-01  1.426E+01  3.518E-06
4      -- 3         42.8    356.7338    840.3814   27.033  1.073E+02  1.134E+01  1.509E-01  2.211E-01  1.207E+01  7.056E-06
5      -- 4         64.2    445.9024    672.3275   24.110  8.930E+01  8.211E+00  7.593E-02  1.509E-01  8.740E+00  9.980E-06
6      -- 5         89.9    535.0612    560.2957   20.374  5.372E+01  4.506E+00  2.544E-02  7.593E-02  4.796E+00  9.462E-06
7      -- 6        119.8    624.2080    480.2765   17.299  2.041E+01  1.737E+00  5.195E-03  2.544E-02  1.849E+00  5.793E-06
8      -- 7        154.1    713.3411    420.2652   15.787  4.444E+00  5.231E-01  6.732E-04  5.195E-03  5.568E-01  2.603E-06
9      -- 8        192.6    802.4583    373.5926   15.493  5.916E-01  1.327E-01  6.265E-05  6.732E-04  1.412E-01  9.400E-07
10     -- 9        235.4    891.5577    336.2569   15.790  5.572E-02  2.333E-02  4.608E-06  6.265E-05  2.484E-02  2.267E-07
11     -- 10       282.4    980.6373    305.7119   16.540  4.116E-03  3.158E-03  2.933E-07  4.608E-06  3.362E-03  4.083E-08
* Radex version        : version
* Geometry             : Uniform sphere
* Molecular data file  : hco+.dat                                                                        
* T(kin)            [K]:   30.000
* Density of H2  [cm-3]:  1.000E+05
* T(background)     [K]:    2.730
* Column density [cm-2]:  1.000E+15
* Line width     [km/s]:    1.000
* Method to calculate the rate populations : 
  The escape Probability :    1
  The initial matrix     :    2
  The relative error-eps :  1.000E-06
  The stab. factor       :    0.300
* Calculation finished in    36 iterations with relative tolerance of    1.0E-06
      LINE         E_UP       FREQ        WAVEL     T_EX  TAU        T_R       POP        POP      FLUX        FLUX
                   (K)        (GHz)       (um)      (K)     (K)        UP        LOW     (K*km/s) (erg/cm2/s)
1      -- 0          4.3     89.1884   3361.3393   29.048  1.988E+01  2.583E+01  2.075E-01  8.014E-02  2.750E+01  2.513E-07
2      -- 1         12.8    178.3748   1680.6883   28.658  6.466E+01  2.420E+01  2.565E-01  2.075E-01  2.576E+01  1.883E-06
3      -- 2         25.7    267.5573   1120.4795   27.837  1.030E+02  2.179E+01  2.264E-01  2.565E-01  2.320E+01  5.722E-06
4      -- 3         42.8    356.7338    840.3814   25.286  1.152E+02  1.765E+01  1.479E-01  2.264E-01  1.879E+01  1.099E-05
5      -- 4         64.2    445.9024    672.3275   21.096  9.481E+01  1.217E+01  6.555E-02  1.479E-01  1.295E+01  1.479E-05
6      -- 5         89.9    535.0612    560.2957   15.598  5.225E+01  6.130E+00  1.493E-02  6.555E-02  6.525E+00  1.287E-05
7      -- 6        119.8    624.2080    480.2765   10.820  1.364E+01  2.005E+00  1.081E-03  1.493E-02  2.135E+00  6.686E-06
8      -- 7        154.1    713.3411    420.2652    9.484  1.016E+00  6.071E-01  3.317E-05  1.081E-03  6.463E-01  3.021E-06
9      -- 8        192.6    802.4583    373.5926   16.658  2.862E-02  1.195E-01  3.676E-06  3.317E-05  1.272E-01  8.465E-07
10     -- 9        235.4    891.5577    336.2569   20.572  3.060E-03  1.867E-02  5.084E-07  3.676E-06  1.987E-02  1.814E-07
11     -- 10       282.4    980.6373    305.7119   21.211  4.284E-04  2.459E-03  6.071E-08  5.084E-07  2.618E-03  3.180E-08
* Radex version        : version
* Geometry             : Uniform sphere
* Molecular data file  : hco+.dat                                                                        
* T(kin)            [K]:   30.000
* Density of H2  [cm-3]:  1.000E+05
* T(background)     [K]:    8.500
* Column density [cm-2]:  1.000E+15
* Line width     [km/s]:    1.000
* Method to calculate the rate populations : 
  The escape Probability :    1
  The initial matrix     :    2
  The relative error-eps :  1.000E-06
  The stab. factor       :    0.300
* Calculation finished in    35 iterations with relative tolerance of    1.0E-06
      LINE         E_UP       FREQ        WAVEL     T_EX  TAU        T_R       POP        POP      FLUX        FLUX
                   (K)        (GHz)       (um)      (K)     (K)        UP        LOW     (K*km/s) (erg/cm2/s)
1      -- 0          4.3     89.1884   3361.3393   29.513  1.922E+01  2.089E+01  2.041E-01  7.864E-02  2.223E+01  2.031E-07
2      -- 1         12.8    178.3748   1680.6883   29.125  6.273E+01  2.013E+01  2.535E-01  2.041E-01  2.143E+01  1.566E-06
3      -- 2         25.7    267.5573   1120.4795   28.310  1.004E+02  1.874E+01  2.255E-01  2.535E-01  1.994E+01  4.920E-06
4      -- 3         42.8    356.7338    840.3814   25.907  1.128E+02  1.565E+01  1.497E-01  2.255E-01  1.666E+01  9.738E-06
5      -- 4         64.2    445.9024    672.3275   21.959  9.375E+01  1.109E+01  6.905E-02  1.497E-01  1.181E+01  1.348E-05
6      -- 5         89.9    535.0612    560.2957   16.788  5.342E+01  5.785E+00  1.768E-02  6.905E-02  6.158E+00  1.215E-05
7      -- 6        119.8    624.2080    480.2765   12.335  1.571E+01  1.987E+00  1.798E-03  1.768E-02  2.115E+00  6.625E-06
8      -- 7        154.1    713.3411    420.2652   10.465  1.671E+00  5.923E-01  7.738E-05  1.798E-03  6.305E-01  2.948E-06
9      -- 8        192.6    802.4583    373.5926   13.316  7.002E-02  1.246E-01  4.803E-06  7.738E-05  1.326E-01  8.823E-07
10     -- 9        235.4    891.5577    336.2569   19.115  4.081E-03  1.965E-02  5.671E-07  4.803E-06  2.092E-02  1.909E-07
11     -- 10       282.4    980.6373    305.7119   20.998  4.788E-04  2.591E-03  6.628E-08  5.671E-07  2.758E-03  3.350E-08
* Radex version        : version
* Geometry             : Uniform sphere
* Molecular data file  : hco+.dat                                                                        
* T(kin)            [K]:   30.000
* Density of H2  [cm-3]:  1.000E+05
* T(background)     [K]:   15.000
* Column density [cm-2]:  1.000E+15
* Line width     [km/s]:    1.000
* Method to calculate the rate populations : 
  The escape Probability :    1
  The initial matrix     :    2
  The relative error-eps :  1.000E-06
  The stab. factor       :    0.300
* Calculation finished in    30 iterations with relative tolerance of    1.0E-06
      LINE         E_UP       FREQ        WAVEL     T_EX  TAU        T_R       POP        POP      FLUX        FLUX
                   (K)        (GHz)       (um)      (K)     (K)        UP        LOW     (K*km/s) (erg/cm2/s)
1      -- 0          4.3     89.1884   3361.3393   29.719  1.850E+01  1.467E+01  1.979E-01  7.618E-02  1.561E+01  1.427E-07
2      -- 1         12.8    178.3748   1680.6883   29.435  6.027E+01  1.424E+01  2.466E-01  1.979E-01  1.516E+01  1.108E-06
3      -- 2         25.7    267.5573   1120.4795   28.829  9.630E+01  1.340E+01  2.211E-01  2.466E-01  1.426E+01  3.518E-06
4      -- 3         42.8    356.7338    840.3814   27.033  1.073E+02  1.134E+01  1.509E-01  2.211E-01  1.207E+01  7.056E-06
5      -- 4         64.2    445.9024    672.3275   24.110  8.930E+01  8.211E+00  7.593E-02  1.509E-01  8.740E+00  9.980E-06
6      -- 5         89.9    535.0612    560.2957   20.374  5.372E+01  4.506E+00  2.544E-02  7.593E-02  4.796E+00  9.462E-06
7      -- 6        119.8    624.2080    480.2765   17.299  2.041E+01  1.737E+00  5.196E-03  2.544E-02  1.850E+00  5.793E-06
8      -- 7        154.1    713.3411    420.2652   15.787  4.443E+00  5.232E-01  6.735E-04  5.196E-03  5.569E-01  2.603E-06
9      -- 8        192.6    802.4583    373.5926   15.493  5.916E-01  1.327E-01  6.270E-05  6.735E-04  1.413E-01  9.401E-07
10     -- 9        235.4    891.5577    336.2569   15.790  5.572E-02  2.333E-02  4.621E-06  6.270E-05  2.484E-02  2.267E-07
11     -- 10       282.4    980.6373    305.7119   16.540  4.116E-03  3.158E-03  2.962E-07  4.621E-06  3.362E-03  4.083E-08
